<?xml version="1.0" encoding="UTF-8" ?>
<testsuite errors="0" failures="0" hostname="DESKTOP-E7T7IFA" name="ru.zevtos.webserver.tests.SampleTest" skipped="0" tests="1" time="0.053" timestamp="2025-05-18T06:41:21">
  <properties>
    <property name="ant.library.dir" value="C:\Program Files\Java\apache-ant-1.10.15\lib" />
    <property name="ant.file.type" value="file" />
    <property name="java.specification.version" value="25" />
    <property name="ant.project.name" value="WebProgrammingLab" />
    <property name="sun.cpu.isalist" value="amd64" />
    <property name="sun.jnu.encoding" value="Cp1251" />
    <property name="sound" value="music/sound.mp3" />
    <property name="test.src.dir" value="src/test/java" />
    <property name="java.class.path" value="C:\Users\zevtos\ITMO\2nd_Course\3rd_Semester\Web_Programming\Labs\web3\build\classes;C:\Users\zevtos\ITMO\2nd_Course\3rd_Semester\Web_Programming\Labs\web3\build\test-classes;C:\Users\zevtos\ITMO\2nd_Course\3rd_Semester\Web_Programming\Labs\web3\lib\angus-activation-2.0.0.jar;C:\Users\zevtos\ITMO\2nd_Course\3rd_Semester\Web_Programming\Labs\web3\lib\antlr4-runtime-4.13.0.jar;C:\Users\zevtos\ITMO\2nd_Course\3rd_Semester\Web_Programming\Labs\web3\lib\apiguardian-api-1.1.2.jar;C:\Users\zevtos\ITMO\2nd_Course\3rd_Semester\Web_Programming\Labs\web3\lib\byte-buddy-1.14.18.jar;C:\Users\zevtos\ITMO\2nd_Course\3rd_Semester\Web_Programming\Labs\web3\lib\checker-qual-3.42.0.jar;C:\Users\zevtos\ITMO\2nd_Course\3rd_Semester\Web_Programming\Labs\web3\lib\classmate-1.5.1.jar;C:\Users\zevtos\ITMO\2nd_Course\3rd_Semester\Web_Programming\Labs\web3\lib\hamcrest-core-1.3.jar;C:\Users\zevtos\ITMO\2nd_Course\3rd_Semester\Web_Programming\Labs\web3\lib\hibernate-commons-annotations-7.0.3.Final.jar;C:\Users\zevtos\ITMO\2nd_Course\3rd_Semester\Web_Programming\Labs\web3\lib\hibernate-core-6.6.2.Final.jar;C:\Users\zevtos\ITMO\2nd_Course\3rd_Semester\Web_Programming\Labs\web3\lib\istack-commons-runtime-4.1.1.jar;C:\Users\zevtos\ITMO\2nd_Course\3rd_Semester\Web_Programming\Labs\web3\lib\jakarta.activation-api-2.1.0.jar;C:\Users\zevtos\ITMO\2nd_Course\3rd_Semester\Web_Programming\Labs\web3\lib\jakarta.annotation-api-2.1.1.jar;C:\Users\zevtos\ITMO\2nd_Course\3rd_Semester\Web_Programming\Labs\web3\lib\jakarta.authentication-api-3.0.0.jar;C:\Users\zevtos\ITMO\2nd_Course\3rd_Semester\Web_Programming\Labs\web3\lib\jakarta.authorization-api-2.1.0.jar;C:\Users\zevtos\ITMO\2nd_Course\3rd_Semester\Web_Programming\Labs\web3\lib\jakarta.batch-api-2.1.1.jar;C:\Users\zevtos\ITMO\2nd_Course\3rd_Semester\Web_Programming\Labs\web3\lib\jakarta.ejb-api-4.0.1.jar;C:\Users\zevtos\ITMO\2nd_Course\3rd_Semester\Web_Programming\Labs\web3\lib\jakarta.el-api-5.0.1.jar;C:\Users\zevtos\ITMO\2nd_Course\3rd_Semester\Web_Programming\Labs\web3\lib\jakarta.enterprise.cdi-api-4.0.1.jar;C:\Users\zevtos\ITMO\2nd_Course\3rd_Semester\Web_Programming\Labs\web3\lib\jakarta.enterprise.lang-model-4.0.1.jar;C:\Users\zevtos\ITMO\2nd_Course\3rd_Semester\Web_Programming\Labs\web3\lib\jakarta.faces-api-4.0.1.jar;C:\Users\zevtos\ITMO\2nd_Course\3rd_Semester\Web_Programming\Labs\web3\lib\jakarta.inject-api-2.0.1.jar;C:\Users\zevtos\ITMO\2nd_Course\3rd_Semester\Web_Programming\Labs\web3\lib\jakarta.interceptor-api-2.1.0.jar;C:\Users\zevtos\ITMO\2nd_Course\3rd_Semester\Web_Programming\Labs\web3\lib\jakarta.jakartaee-api-10.0.0.jar;C:\Users\zevtos\ITMO\2nd_Course\3rd_Semester\Web_Programming\Labs\web3\lib\jakarta.jakartaee-web-api-10.0.0.jar;C:\Users\zevtos\ITMO\2nd_Course\3rd_Semester\Web_Programming\Labs\web3\lib\jakarta.jms-api-3.1.0.jar;C:\Users\zevtos\ITMO\2nd_Course\3rd_Semester\Web_Programming\Labs\web3\lib\jakarta.json-api-2.1.0.jar;C:\Users\zevtos\ITMO\2nd_Course\3rd_Semester\Web_Programming\Labs\web3\lib\jakarta.json.bind-api-3.0.0.jar;C:\Users\zevtos\ITMO\2nd_Course\3rd_Semester\Web_Programming\Labs\web3\lib\jakarta.mail-api-2.1.0.jar;C:\Users\zevtos\ITMO\2nd_Course\3rd_Semester\Web_Programming\Labs\web3\lib\jakarta.persistence-api-3.1.0.jar;C:\Users\zevtos\ITMO\2nd_Course\3rd_Semester\Web_Programming\Labs\web3\lib\jakarta.resource-api-2.1.0.jar;C:\Users\zevtos\ITMO\2nd_Course\3rd_Semester\Web_Programming\Labs\web3\lib\jakarta.security.enterprise-api-3.0.0.jar;C:\Users\zevtos\ITMO\2nd_Course\3rd_Semester\Web_Programming\Labs\web3\lib\jakarta.servlet-api-6.0.0.jar;C:\Users\zevtos\ITMO\2nd_Course\3rd_Semester\Web_Programming\Labs\web3\lib\jakarta.servlet.jsp-api-3.1.0.jar;C:\Users\zevtos\ITMO\2nd_Course\3rd_Semester\Web_Programming\Labs\web3\lib\jakarta.servlet.jsp.jstl-api-3.0.0.jar;C:\Users\zevtos\ITMO\2nd_Course\3rd_Semester\Web_Programming\Labs\web3\lib\jakarta.transaction-api-2.0.1.jar;C:\Users\zevtos\ITMO\2nd_Course\3rd_Semester\Web_Programming\Labs\web3\lib\jakarta.validation-api-3.0.2.jar;C:\Users\zevtos\ITMO\2nd_Course\3rd_Semester\Web_Programming\Labs\web3\lib\jakarta.websocket-api-2.1.0.jar;C:\Users\zevtos\ITMO\2nd_Course\3rd_Semester\Web_Programming\Labs\web3\lib\jakarta.websocket-client-api-2.1.0.jar;C:\Users\zevtos\ITMO\2nd_Course\3rd_Semester\Web_Programming\Labs\web3\lib\jakarta.ws.rs-api-3.1.0.jar;C:\Users\zevtos\ITMO\2nd_Course\3rd_Semester\Web_Programming\Labs\web3\lib\jakarta.xml.bind-api-4.0.0.jar;C:\Users\zevtos\ITMO\2nd_Course\3rd_Semester\Web_Programming\Labs\web3\lib\jandex-3.2.0.jar;C:\Users\zevtos\ITMO\2nd_Course\3rd_Semester\Web_Programming\Labs\web3\lib\jaxb-core-4.0.2.jar;C:\Users\zevtos\ITMO\2nd_Course\3rd_Semester\Web_Programming\Labs\web3\lib\jaxb-runtime-4.0.2.jar;C:\Users\zevtos\ITMO\2nd_Course\3rd_Semester\Web_Programming\Labs\web3\lib\jboss-logging-3.5.0.Final.jar;C:\Users\zevtos\ITMO\2nd_Course\3rd_Semester\Web_Programming\Labs\web3\lib\junit-4.13.2.jar;C:\Users\zevtos\ITMO\2nd_Course\3rd_Semester\Web_Programming\Labs\web3\lib\lombok-1.18.36.jar;C:\Users\zevtos\ITMO\2nd_Course\3rd_Semester\Web_Programming\Labs\web3\lib\opentest4j-1.2.0.jar;C:\Users\zevtos\ITMO\2nd_Course\3rd_Semester\Web_Programming\Labs\web3\lib\postgresql-42.7.4.jar;C:\Users\zevtos\ITMO\2nd_Course\3rd_Semester\Web_Programming\Labs\web3\lib\txw2-4.0.2.jar;C:\Users\zevtos\ITMO\2nd_Course\3rd_Semester\Web_Programming\Labs\web3\lib\urlrewritefilter-4.0.4.jar;C:\Program Files\Java\apache-ant-1.10.15\lib\ant-launcher.jar;C:\Program Files\Java\apache-ant-1.10.15\lib\ant.jar;C:\Program Files\Java\apache-ant-1.10.15\lib\ant-junit.jar;C:\Program Files\Java\apache-ant-1.10.15\lib\ant-junit4.jar" />
    <property name="java.vm.vendor" value="Oracle Corporation" />
    <property name="sun.arch.data.model" value="64" />
    <property name="user.variant" value="" />
    <property name="java.vendor.url" value="https://java.oracle.com/" />
    <property name="user.country.format" value="US" />
    <property name="os.name" value="Windows 11" />
    <property name="java.vm.specification.version" value="25" />
    <property name="sun.java.launcher" value="SUN_STANDARD" />
    <property name="user.country" value="RU" />
    <property name="music.player" value="bin/wmplayer.exe" />
    <property name="sun.boot.library.path" value="C:\Program Files\Java\jdk-25\bin" />
    <property name="sun.java.command" value="org.apache.tools.ant.taskdefs.optional.junit.JUnitTestRunner ru.zevtos.webserver.tests.SampleTest skipNonTests=false filtertrace=true haltOnError=false haltOnFailure=false formatter=org.apache.tools.ant.taskdefs.optional.junit.SummaryJUnitResultFormatter showoutput=false outputtoformatters=true logfailedtests=true threadid=0 logtestlistenerevents=false formatter=org.apache.tools.ant.taskdefs.optional.junit.XMLJUnitResultFormatter,C:\Users\zevtos\ITMO\2nd_Course\3rd_Semester\Web_Programming\Labs\web3\TEST-ru.zevtos.webserver.tests.SampleTest.xml crashfile=C:\Users\zevtos\ITMO\2nd_Course\3rd_Semester\Web_Programming\Labs\web3\junitvmwatcher14713731265074668082.properties propsfile=C:\Users\zevtos\ITMO\2nd_Course\3rd_Semester\Web_Programming\Labs\web3\junit17152072102223350035.properties" />
    <property name="test.classes.dir" value="build/test-classes" />
    <property name="classes.to.watch" value="src/main/java/ru/zevtos/webserver/validation/ValidRValidator.java" />
    <property name="jdk.debug" value="release" />
    <property name="sun.cpu.endian" value="little" />
    <property name="user.home" value="C:\Users\zevtos" />
    <property name="user.language" value="ru" />
    <property name="java.specification.vendor" value="Oracle Corporation" />
    <property name="java.version.date" value="2025-09-16" />
    <property name="project.version" value="1.0" />
    <property name="java.home" value="C:\Program Files\Java\jdk-25" />
    <property name="basedir" value="C:\Users\zevtos\ITMO\2nd_Course\3rd_Semester\Web_Programming\Labs\web3" />
    <property name="file.separator" value="\" />
    <property name="ant.file.type.WebProgrammingLab" value="file" />
    <property name="java.vm.compressedOopsMode" value="Zero based" />
    <property name="line.separator" value="&#xd;&#xa;" />
    <property name="ant.java.version" value="25" />
    <property name="java.specification.name" value="Java Platform API Specification" />
    <property name="java.vm.specification.vendor" value="Oracle Corporation" />
    <property name="user.script" value="" />
    <property name="sun.management.compiler" value="HotSpot 64-Bit Tiered Compilers" />
    <property name="java.runtime.version" value="25-ea+23-2842" />
    <property name="user.name" value="zevtos" />
    <property name="ant.file" value="C:\Users\zevtos\ITMO\2nd_Course\3rd_Semester\Web_Programming\Labs\web3\build.xml" />
    <property name="stdout.encoding" value="Cp1251" />
    <property name="path.separator" value=";" />
    <property name="os.version" value="10.0" />
    <property name="java.runtime.name" value="OpenJDK Runtime Environment" />
    <property name="file.encoding" value="UTF-8" />
    <property name="ant.project.invoked-targets" value="test" />
    <property name="java.vm.name" value="OpenJDK 64-Bit Server VM" />
    <property name="build.dir" value="build" />
    <property name="ant.core.lib" value="C:\Program Files\Java\apache-ant-1.10.15\lib\ant.jar" />
    <property name="java.vendor.url.bug" value="https://bugreport.java.com/bugreport/" />
    <property name="java.io.tmpdir" value="C:\Users\zevtos\AppData\Local\Temp\" />
    <property name="ant.file.WebProgrammingLab" value="C:\Users\zevtos\ITMO\2nd_Course\3rd_Semester\Web_Programming\Labs\web3\build.xml" />
    <property name="java.version" value="25-ea" />
    <property name="user.dir" value="C:\Users\zevtos\ITMO\2nd_Course\3rd_Semester\Web_Programming\Labs\web3" />
    <property name="os.arch" value="amd64" />
    <property name="java.vm.specification.name" value="Java Virtual Machine Specification" />
    <property name="user.language.format" value="en" />
    <property name="ant.home" value="C:\Program Files\Java\apache-ant-1.10.15\bin\.." />
    <property name="music.file" value="C:\Users\zevtos\ITMO\2nd_Course\3rd_Semester\Web_Programming\Labs\web3\music\sound.mp3" />
    <property name="lib.dir" value="lib" />
    <property name="sun.os.patch.level" value="" />
    <property name="war.dir" value="dist" />
    <property name="native.encoding" value="Cp1251" />
    <property name="ant.version" value="Apache Ant(TM) version 1.10.15 compiled on August 25 2024" />
    <property name="java.library.path" value="C:\Program Files\Java\jdk-25\bin;C:\WINDOWS\Sun\Java\bin;C:\WINDOWS\system32;C:\WINDOWS;C:\Program Files\NVIDIA GPU Computing Toolkit\CUDA\v12.8\bin;C:\Program Files\NVIDIA GPU Computing Toolkit\CUDA\v12.8\libnvvp;C:\Program Files\PowerShell\7.6.0-preview;C:\WINDOWS\system32;C:\WINDOWS;C:\WINDOWS\System32\Wbem;C:\WINDOWS\System32\WindowsPowerShell\v1.0\;C:\WINDOWS\System32\OpenSSH\;C:\Program Files\dotnet\;C:\Users\zevtos\AppData\Roaming\nvm;C:\Program Files\nodejs;C:\Program Files\Git\cmd;C:\Program Files\MiKTeX\miktex\bin\x64\;C:\cygwin64\bin;C:\Program Files\NVIDIA Corporation\NVIDIA app\NvDLISR;C:\Program Files (x86)\NVIDIA Corporation\PhysX\Common;C:\Program Files\NVIDIA Corporation\Nsight Compute 2025.1.0\;C:\ProgramData\Anaconda3\condabin;c:\Users\zevtos\AppData\Local\Programs\cursor\resources\app\bin;c:\Users\zevtos\AppData\Local\Programs\cursor\resources\app\bin;C:\ProgramData\anaconda3\Scripts\;C:\Program Files\Docker\Docker\resources\bin;C:\Program Files\Cloudflare\Cloudflare WARP\;C:\Program Files\Java\apache-ant-1.10.15\bin;C:\Users\zevtos\AppData\Local\Programs\Python\Python310\Scripts\;C:\Users\zevtos\AppData\Local\Programs\Python\Python310\;C:\Users\zevtos\AppData\Local\Microsoft\WindowsApps;C:\Users\zevtos\AppData\Local\JetBrains\Toolbox\scripts;C:\Users\zevtos\AppData\Local\Programs\Microsoft VS Code\bin;C:\Users\zevtos\AppData\Roaming\npm;C:\Users\zevtos\AppData\Roaming\nvm;C:\Program Files\nodejs;C:\Program Files\PostgreSQL\17\bin;C:\Users\zevtos\AppData\Local\Programs\cursor\resources\app\bin;C:\Program Files\Java\jdk-25\bin;C:\Program Files\Windows Media Player;;." />
    <property name="java.vendor" value="Oracle Corporation" />
    <property name="stderr.encoding" value="Cp1251" />
    <property name="java.vm.info" value="mixed mode, sharing" />
    <property name="stdin.encoding" value="Cp1251" />
    <property name="java.vm.version" value="25-ea+23-2842" />
    <property name="classes.dir" value="build/classes" />
    <property name="sun.io.unicode.encoding" value="UnicodeLittle" />
    <property name="java.class.version" value="69.0" />
    <property name="src.dir" value="src/main/java" />
    <property name="war.name" value="web3" />
    <property name="ant.project.default-target" value="build" />
  </properties>
  <testcase classname="ru.zevtos.webserver.tests.SampleTest" name="testBasic" time="0.003" />
  <system-out><![CDATA[]]></system-out>
  <system-err><![CDATA[]]></system-err>
</testsuite>
